<?xml version="1.0" encoding="UTF-8"?>
<testsuites name="jest tests" tests="25" failures="0" errors="0" time="19.162">
  <testsuite name="POC Test" errors="0" failures="0" skipped="4" timestamp="2023-12-14T17:52:38" time="8.059" tests="6">
    <testcase classname="POC Test GET request GET /posts" name="POC Test GET request GET /posts" time="0">
      <skipped/>
    </testcase>
    <testcase classname="POC Test GET request GET /comments with query params" name="POC Test GET request GET /comments with query params" time="0">
      <skipped/>
    </testcase>
    <testcase classname="POC Test POST /posts POST /posts" name="POC Test POST /posts POST /posts" time="0">
      <skipped/>
    </testcase>
    <testcase classname="POC Test PUT /post PUT /posts" name="POC Test PUT /post PUT /posts" time="0">
      <skipped/>
    </testcase>
    <testcase classname="POC Test PATCH /post PATCH /post" name="POC Test PATCH /post PATCH /post" time="0.979">
    </testcase>
    <testcase classname="POC Test DELETE /post DELETE /post" name="POC Test DELETE /post DELETE /post" time="0.415">
    </testcase>
  </testsuite>
  <testsuite name="Upload File" errors="0" failures="0" skipped="0" timestamp="2023-12-14T17:52:38" time="9.397" tests="2">
    <testcase classname="Upload File POST /upload/single" name="Upload File POST /upload/single" time="1.21">
    </testcase>
    <testcase classname="Upload File POST /upload/multiple" name="Upload File POST /upload/multiple" time="1.519">
    </testcase>
  </testsuite>
  <testsuite name="Categories" errors="0" failures="0" skipped="0" timestamp="2023-12-14T17:52:38" time="12.661" tests="4">
    <testcase classname="Categories GET /categories" name="Categories GET /categories" time="1.096">
    </testcase>
    <testcase classname="Categories Create Categories POST /categories" name="Categories Create Categories POST /categories" time="0.641">
    </testcase>
    <testcase classname="Categories Update Categories PUT /categories" name="Categories Update Categories PUT /categories" time="0.522">
    </testcase>
    <testcase classname="Categories Delete Categories Delete /categories" name="Categories Delete Categories Delete /categories" time="0.533">
    </testcase>
  </testsuite>
  <testsuite name="BRANDS Test" errors="0" failures="0" skipped="0" timestamp="2023-12-14T17:52:38" time="17.409" tests="13">
    <testcase classname="BRANDS Test Fetch brands GET /brands" name="BRANDS Test Fetch brands GET /brands" time="1.274">
    </testcase>
    <testcase classname="BRANDS Test Create brands POST /brands" name="BRANDS Test Create brands POST /brands" time="0.001">
    </testcase>
    <testcase classname="BRANDS Test Create brands Schema Verification - Name is a mandatory field" name="BRANDS Test Create brands Schema Verification - Name is a mandatory field" time="0.452">
    </testcase>
    <testcase classname="BRANDS Test Create brands Schema Verification - Min char length for name &gt; 1" name="BRANDS Test Create brands Schema Verification - Min char length for name &gt; 1" time="0.382">
    </testcase>
    <testcase classname="BRANDS Test Create brands Business Logic - Duplicated brand entries not allowed" name="BRANDS Test Create brands Business Logic - Duplicated brand entries not allowed" time="0.489">
    </testcase>
    <testcase classname="BRANDS Test Fetch Individual Brand GET /brand/:id Business Logic - GET /brands/invalid_id should throw 404" name="BRANDS Test Fetch Individual Brand GET /brand/:id Business Logic - GET /brands/invalid_id should throw 404" time="0.482">
    </testcase>
    <testcase classname="BRANDS Test Fetch Individual Brand GET /brand/:id GET /brands:id" name="BRANDS Test Fetch Individual Brand GET /brand/:id GET /brands:id" time="0.448">
    </testcase>
    <testcase classname="BRANDS Test Update Brands PUT /brands:id" name="BRANDS Test Update Brands PUT /brands:id" time="0.541">
    </testcase>
    <testcase classname="BRANDS Test Update Brands Schema Verification - Brand name &gt; 30 chars is not accepted" name="BRANDS Test Update Brands Schema Verification - Brand name &gt; 30 chars is not accepted" time="0.483">
    </testcase>
    <testcase classname="BRANDS Test Update Brands Schema Verification - Brand description must be a string" name="BRANDS Test Update Brands Schema Verification - Brand description must be a string" time="0.488">
    </testcase>
    <testcase classname="BRANDS Test Update Brands Schema Verification - Throw error when update invalid brand" name="BRANDS Test Update Brands Schema Verification - Throw error when update invalid brand" time="0.451">
    </testcase>
    <testcase classname="BRANDS Test DELETE Brands DELETE /brands:id" name="BRANDS Test DELETE Brands DELETE /brands:id" time="0.784">
    </testcase>
    <testcase classname="BRANDS Test DELETE Brands Schema Verification - Throw error when delete invalid brand" name="BRANDS Test DELETE Brands Schema Verification - Throw error when delete invalid brand" time="0.548">
    </testcase>
  </testsuite>
</testsuites>